A D/BSP////
A D/Bezier////
A D/CameraTrack////
A D/CelShading////
A D/Compositor////
A D/CubeMapping////
A D/Dot3Bump////
A D/English.lproj////
A D/EnvMapping////
A D/Facial Animation////
A D/Fresnel////
A D/Gui////
A D/Lighting////
A D/Nature////
A D/OceanDemo////
A D/ParticleFX////
A D/RenderToTexture////
A D/Samples.xcode////
A D/Samples.xcodeproj////
A D/Shadows////
A D/SkeletalAnimation////
A D/SkyBox////
A D/SkyDome////
A D/SkyPlane////
A D/Terrain////
A D/TextureFX////
A D/Transparency////
A D/Water////
