A D/BSP////
A D/BezierPatch////
A D/CameraTrack////
A D/CelShading////
A D/Common////
A D/Compositor////
A D/CubeMapping////
A D/CustomShadowMaps////
A D/DeferredShading////
A D/Dot3Bump////
A D/DynTex////
A D/EnvMapping////
A D/FacialAnimation////
A D/Fresnel////
A D/GTKDemo////
A D/Grass////
A D/Gui////
A D/HDRDemo////
A D/Lighting////
A D/Media////
A D/Nature////
A D/OceanDemo////
A D/ParticleFX////
A D/PlaneOptimalShadows////
A D/RenderToTexture////
A D/Shadows////
A D/SkeletalAnimation////
A D/SkyBox////
A D/SkyDome////
A D/SkyPlane////
A D/Smoke////
A D/Terrain////
A D/TextureFX////
A D/Transpacency////
A D/VolumeTex////
A D/Water////
A D/instancing_crowd////
